2025-07-23 16:48:59,781 - INFO - Starting Gomella's Neonatology PDF processing...
2025-07-23 16:49:06,928 - ERROR - Missing required packages: PyPDF2
2025-07-23 16:49:06,928 - ERROR - Please install them using: pip install -r requirements.txt
2025-07-23 16:49:29,274 - INFO - Starting Gomella's Neonatology PDF processing...
2025-07-23 16:49:35,213 - WARNING - PDF file not found: Gomella's Neonatology Management, Procedures, On-Call Problems, Diseases, and Drugs 8th Edition 2020_1-737.pdf
2025-07-23 16:49:35,213 - WARNING - PDF file not found: Gomella's Neonatology Management, Procedures, On-Call Problems, Diseases, and Drugs 8th Edition 2020_738-end.pdf
2025-07-23 16:49:35,213 - WARNING - No PDF files found. Will generate sample data instead.
2025-07-23 16:49:35,218 - INFO - Use pytorch device_name: cpu
2025-07-23 16:49:35,218 - INFO - Load pretrained SentenceTransformer: all-MiniLM-L6-v2
2025-07-23 16:49:39,449 - INFO - Generating sample data...
2025-07-23 16:49:39,449 - INFO - Generating 1000 sample records
2025-07-23 16:49:55,989 - INFO - Sample data saved to gomella_book_data.csv
2025-07-23 16:49:55,989 - INFO - Output file created: gomella_book_data.csv (8,575,660 bytes)
2025-07-23 16:49:56,003 - INFO - CSV file contains 5 header + sample lines
2025-07-23 16:49:56,003 - INFO - First few lines of the CSV:
2025-07-23 16:49:56,003 - INFO -   Line 1: "text","page_number","source_file","embedding"...
2025-07-23 16:49:56,003 - INFO -   Line 2: "Neonatal resuscitation is a critical skill for healthcare providers in the delivery room. (Sample r...
2025-07-23 16:49:56,003 - INFO -   Line 3: "Respiratory distress syndrome (RDS) is common in premature infants due to surfactant deficiency. (S...
2025-07-23 16:49:56,003 - INFO -   Line 4: "Hypoglycemia in newborns can lead to serious neurological complications if not treated promptly. (S...
2025-07-23 16:49:56,003 - INFO -   Line 5: "Patent ductus arteriosus (PDA) is a common congenital heart defect in premature infants. (Sample re...
2025-07-23 16:49:56,003 - INFO - Processing completed successfully!
2025-07-23 16:49:56,003 - INFO - Next steps:
2025-07-23 16:49:56,003 - INFO - 1. Set up PostgreSQL database using database_schema.sql
2025-07-23 16:49:56,004 - INFO - 2. Import the CSV data using the COPY command
2025-07-23 16:49:56,004 - INFO - 3. Test the search functions
